57873   1       -       1
15089   2       --      2
347     3       ---     0
379     4       ----    1
154     5       -----   2
166     6       ------  0
57      7       ------- 1
53      8       --------        2
5078    9       ---------       0
19      10      ----------      1
22      11      -----------     2
12      12      ------------    0
49      13      -------------   1
43      14      --------------  2
9       15      --------------- 0
8       16      ----------------        1
5       17      -----------------       2
2       18      ------------------      0
7       19      -------------------     1
3       20      --------------------    2
10      21      ---------------------   0
4       22      ----------------------  1
4       23      ----------------------- 2
4       24      ------------------------        0
2       25      -------------------------       1
1       26      --------------------------      2
3       27      ---------------------------     0
3       28      ----------------------------    1
2       30      ------------------------------  0
1       31      ------------------------------- 1
1       32      --------------------------------        2
1       34      ----------------------------------      1
2       35      -----------------------------------     2
1       36      ------------------------------------    0
1       37      -------------------------------------   1
3       38      --------------------------------------  2
2       41      -----------------------------------------       2
2       45      ---------------------------------------------   0
4       50      --------------------------------------------------      2
1       55      ------------------------------------------------------- 1
1       71      ----------------------------------------------------------------------- 2
43      73      -------------------------------------------------------------------------       1
3       80      --------------------------------------------------------------------------------        2
1       131     -----------------------------------------------------------------------------------------------------------------------------------     2
1       154     ----------------------------------------------------------------------------------------------------------------------------------------------------------      1
2       250     ----------------------------------------------------------------------------------------------------------------------------------------------------------------------------------------------------------------------------------------------------------   1
1       312     ------------------------------------------------------------------------------------------------------------------------------------------------------------------------------------------------------------------------------------------------------------------------------------------------------------------------     0
277     435     ---------------------------------------------------------------------------------------------------------------------------------------------------------------------------------------------------------------------------------------------------------------------------------------------------------------------------------------------------------------------------------------------------------------------------------------------------       0
41      479     -----------------------------------------------------------------------------------------------------------------------------------------------------------------------------------------------------------------------------------------------------------------------------------------------------------------------------------------------------------------------------------------------------------------------------------------------------------------------------------------------   2
40      522     ------------------------------------------------------------------------------------------------------------------------------------------------------------------------------------------------------------------------------------------------------------------------------------------------------------------------------------------------------------------------------------------------------------------------------------------------------------------------------------------------------------------------------------------        0
561     546     ------------------------------------------------------------------------------------------------------------------------------------------------------------------------------------------------------------------------------------------------------------------------------------------------------------------------------------------------------------------------------------------------------------------------------------------------------------------------------------------------------------------------------------------------------------------        0
277     548     --------------------------------------------------------------------------------------------------------------------------------------------------------------------------------------------------------------------------------------------------------------------------------------------------------------------------------------------------------------------------------------------------------------------------------------------------------------------------------------------------------------------------------------------------------------------      2
1       569     ----------------------------------------------------------------------------------------------------------------------------------------------------------------------------------------------------------------------------------------------------------------------------------------------------------------------------------------------------------------------------------------------------------------------------------------------------------------------------------------------------------------------------------------------------------------------------------------- 2
566     576     ------------------------------------------------------------------------------------------------------------------------------------------------------------------------------------------------------------------------------------------------------------------------------------------------------------------------------------------------------------------------------------------------------------------------------------------------------------------------------------------------------------------------------------------------------------------------------------------------       0
1       1823    -----------------------------------------------------------------------------------------------------------------------------------------------------------------------------------------------------------------------------------------------------------------------------------------------------------------------------------------------------------------------------------------------------------------------------------------------------------------------------------------------------------------------------------------------------------------------------------------------------------------------------------------------------------------------------------------------------------------------------------------------------------------------------------------------------------------------------------------------------------------------------------------------------------------------------------------------------------------------------------------------------------------------------------------------------------------------------------------------------------------------------------------------------------------------------------------------------------------------------------------------------------------------------------------------------------------------------------------------------------------------------------------------------------------------------------------------------------------------------------------------------------------------------------------------------------------------------------------------------------------------------------------------------------------------------------------------------------------------------------------------------------------------------------------------------------------------------------------------------------------------------------------------      2